1605789693627	mozrunner::runner	INFO	Running command: "C:\\Program Files\\Mozilla Firefox\\firefox.exe" "-marionette" "-foreground" "-no-remote" "-profile" "C:\\Users\\EDZ\\AppData\\Local\\Temp\\rust_mozprofile.eMUJyKzDuvld"
JavaScript error: resource://gre/modules/XULStore.jsm, line 66: Error: Can't find profile directory.
console.warn: SearchSettings: "get: No settings file exists, new profile?" (new Error("", "(unknown module)"))
1605789697671	Marionette	INFO	Listening on port 19907
1605789698140	Marionette	WARN	TLS certificate errors will be ignored for this session
console.error: Region.jsm: "Error fetching region" (new AbortError("The operation was aborted. ", (void 0), 697))
console.error: Region.jsm: "Failed to fetch region" (new Error("NO_RESULT", "resource://gre/modules/Region.jsm", 351))
1605789734016	Marionette	INFO	Stopped listening on port 19907

###!!! [Child][MessageChannel::SendAndWait] Error: Channel error: cannot send/recv

1605790894981	mozrunner::runner	INFO	Running command: "C:\\Program Files\\Mozilla Firefox\\firefox.exe" "-marionette" "-foreground" "-no-remote" "-profile" "C:\\Users\\EDZ\\AppData\\Local\\Temp\\rust_mozprofile.9HxQ4SLDfTr4"
console.warn: SearchSettings: "get: No settings file exists, new profile?" (new Error("", "(unknown module)"))
JavaScript error: resource://gre/modules/XULStore.jsm, line 66: Error: Can't find profile directory.
1605790899834	Marionette	INFO	Listening on port 20113
1605790899956	Marionette	WARN	TLS certificate errors will be ignored for this session
1605790923350	Marionette	INFO	Stopped listening on port 20113

###!!! [Child][MessageChannel::SendAndWait] Error: Channel error: cannot send/recv

1605791148105	mozrunner::runner	INFO	Running command: "C:\\Program Files\\Mozilla Firefox\\firefox.exe" "-marionette" "-foreground" "-no-remote" "-profile" "C:\\Users\\EDZ\\AppData\\Local\\Temp\\rust_mozprofile.ltttajwOO0Nu"
JavaScript error: resource://gre/modules/XULStore.jsm, line 66: Error: Can't find profile directory.
console.warn: SearchSettings: "get: No settings file exists, new profile?" (new Error("", "(unknown module)"))
1605791151981	Marionette	INFO	Listening on port 20189
1605791152044	Marionette	WARN	TLS certificate errors will be ignored for this session
JavaScript error: chrome://marionette/content/proxy.js, line 283: NS_ERROR_NOT_INITIALIZED
1605791167026	Marionette	INFO	Stopped listening on port 20189

###!!! [Child][RunMessage] Error: Channel closing: too late to send/recv, messages will be lost


###!!! [Child][MessageChannel::SendAndWait] Error: Channel error: cannot send/recv

1605791450095	mozrunner::runner	INFO	Running command: "C:\\Program Files\\Mozilla Firefox\\firefox.exe" "-marionette" "-foreground" "-no-remote" "-profile" "C:\\Users\\EDZ\\AppData\\Local\\Temp\\rust_mozprofile.kFgVpnARQElT"
1605791565830	mozrunner::runner	INFO	Running command: "C:\\Program Files\\Mozilla Firefox\\firefox.exe" "-marionette" "-foreground" "-no-remote" "-profile" "C:\\Users\\EDZ\\AppData\\Local\\Temp\\rust_mozprofile.6vbkmVURhrIn"
JavaScript error: resource://gre/modules/XULStore.jsm, line 66: Error: Can't find profile directory.
console.warn: SearchSettings: "get: No settings file exists, new profile?" (new Error("", "(unknown module)"))
1605791569244	Marionette	INFO	Listening on port 20290
1605791569701	Marionette	WARN	TLS certificate errors will be ignored for this session
1605791579982	Marionette	WARN	TimedPromise timed out after 500 ms: stacktrace:
TimedPromise/<@chrome://marionette/content/sync.js:228:19
TimedPromise@chrome://marionette/content/sync.js:213:10
interaction.flushEventLoop@chrome://marionette/content/interaction.js:418:10
webdriverClickElement@chrome://marionette/content/interaction.js:179:31
1605791580592	Marionette	INFO	Stopped listening on port 20290

###!!! [Child][MessageChannel::SendAndWait] Error: Channel error: cannot send/recv

1605791750723	mozrunner::runner	INFO	Running command: "C:\\Program Files\\Mozilla Firefox\\firefox.exe" "-marionette" "-foreground" "-no-remote" "-profile" "C:\\Users\\EDZ\\AppData\\Local\\Temp\\rust_mozprofile.An1mPJXKNcQB"
JavaScript error: resource://gre/modules/XULStore.jsm, line 66: Error: Can't find profile directory.
console.warn: SearchSettings: "get: No settings file exists, new profile?" (new Error("", "(unknown module)"))
1605791754501	Marionette	INFO	Listening on port 20419
1605791754658	Marionette	WARN	TLS certificate errors will be ignored for this session
1605791766330	Marionette	INFO	Stopped listening on port 20419

###!!! [Child][RunMessage] Error: Channel closing: too late to send/recv, messages will be lost


###!!! [Child][MessageChannel::SendAndWait] Error: Channel error: cannot send/recv

1605791802083	mozrunner::runner	INFO	Running command: "C:\\Program Files\\Mozilla Firefox\\firefox.exe" "-marionette" "-foreground" "-no-remote" "-profile" "C:\\Users\\EDZ\\AppData\\Local\\Temp\\rust_mozprofile.yJ9a8NvuQfb5"
JavaScript error: resource://gre/modules/XULStore.jsm, line 66: Error: Can't find profile directory.
console.warn: SearchSettings: "get: No settings file exists, new profile?" (new Error("", "(unknown module)"))
1605791805865	Marionette	INFO	Listening on port 20548
1605791805964	Marionette	WARN	TLS certificate errors will be ignored for this session
1605791838269	Marionette	INFO	Stopped listening on port 20548

###!!! [Child][RunMessage] Error: Channel closing: too late to send/recv, messages will be lost


###!!! [Child][MessageChannel::SendAndWait] Error: Channel error: cannot send/recv

1605791842311	mozrunner::runner	INFO	Running command: "C:\\Program Files\\Mozilla Firefox\\firefox.exe" "-marionette" "-foreground" "-no-remote" "-profile" "C:\\Users\\EDZ\\AppData\\Local\\Temp\\rust_mozprofile.RlXRdRrNHmm1"
JavaScript error: resource://gre/modules/XULStore.jsm, line 66: Error: Can't find profile directory.
console.warn: SearchSettings: "get: No settings file exists, new profile?" (new Error("", "(unknown module)"))
console.error: Region.jsm: "Error fetching region" (new TypeError("NetworkError when attempting to fetch resource.", ""))
console.error: Region.jsm: "Failed to fetch region" (new Error("NO_RESULT", "resource://gre/modules/Region.jsm", 351))
console.error: (new Error("Connection closed before committing the transaction.", "resource://gre/modules/Sqlite.jsm", 688))

###!!! [Child][RunMessage] Error: Channel closing: too late to send/recv, messages will be lost


###!!! [Child][RunMessage] Error: Channel closing: too late to send/recv, messages will be lost

1605791868244	mozrunner::runner	INFO	Running command: "C:\\Program Files\\Mozilla Firefox\\firefox.exe" "-marionette" "-foreground" "-no-remote" "-profile" "C:\\Users\\EDZ\\AppData\\Local\\Temp\\rust_mozprofile.PUoo55J7OSET"
JavaScript error: resource://gre/modules/XULStore.jsm, line 66: Error: Can't find profile directory.
console.warn: SearchSettings: "get: No settings file exists, new profile?" (new Error("", "(unknown module)"))
1605791871534	Marionette	INFO	Listening on port 20730
1605791871614	Marionette	WARN	TLS certificate errors will be ignored for this session
JavaScript error: resource://gre/modules/PageThumbUtils.jsm, line 38: TypeError: aWindow is null
1605791889975	Marionette	INFO	Stopped listening on port 20730

###!!! [Child][RunMessage] Error: Channel closing: too late to send/recv, messages will be lost


###!!! [Child][MessageChannel::SendAndWait] Error: Channel error: cannot send/recv

1605792689814	mozrunner::runner	INFO	Running command: "C:\\Program Files\\Mozilla Firefox\\firefox.exe" "-marionette" "-foreground" "-no-remote" "-profile" "C:\\Users\\EDZ\\AppData\\Local\\Temp\\rust_mozprofile.hAEbC3uV3Wxh"
JavaScript error: resource://gre/modules/XULStore.jsm, line 66: Error: Can't find profile directory.
console.warn: SearchSettings: "get: No settings file exists, new profile?" (new Error("", "(unknown module)"))
1605792694099	Marionette	INFO	Listening on port 20954
1605792694265	Marionette	WARN	TLS certificate errors will be ignored for this session
JavaScript error: resource://gre/modules/PageThumbUtils.jsm, line 38: TypeError: aWindow is null
1605792713358	Marionette	INFO	Stopped listening on port 20954

###!!! [Child][MessageChannel::SendAndWait] Error: Channel error: cannot send/recv

1605793557029	mozrunner::runner	INFO	Running command: "C:\\Program Files\\Mozilla Firefox\\firefox.exe" "-marionette" "-foreground" "-no-remote" "-profile" "C:\\Users\\EDZ\\AppData\\Local\\Temp\\rust_mozprofile.lZh2SaqMl905"
JavaScript error: resource://gre/modules/XULStore.jsm, line 66: Error: Can't find profile directory.
console.warn: SearchSettings: "get: No settings file exists, new profile?" (new Error("", "(unknown module)"))
1605793561269	Marionette	INFO	Listening on port 21081
1605793561529	Marionette	WARN	TLS certificate errors will be ignored for this session
console.error: Region.jsm: "Error fetching region" (new AbortError("The operation was aborted. ", (void 0), 697))
console.error: Region.jsm: "Failed to fetch region" (new Error("NO_RESULT", "resource://gre/modules/Region.jsm", 351))
console.error: services.settings: 
  main/cfr-fxa Signature failed  TypeError: NetworkError when attempting to fetch resource.
1605793577563	Marionette	INFO	Stopped listening on port 21081

###!!! [Child][RunMessage] Error: Channel closing: too late to send/recv, messages will be lost


###!!! [Child][MessageChannel::SendAndWait] Error: Channel error: cannot send/recv

1605793692894	mozrunner::runner	INFO	Running command: "C:\\Program Files\\Mozilla Firefox\\firefox.exe" "-marionette" "-foreground" "-no-remote" "-profile" "C:\\Users\\EDZ\\AppData\\Local\\Temp\\rust_mozprofile.UiQXjiHzAC24"
JavaScript error: resource://gre/modules/XULStore.jsm, line 66: Error: Can't find profile directory.
console.warn: SearchSettings: "get: No settings file exists, new profile?" (new Error("", "(unknown module)"))
1605793696979	Marionette	INFO	Listening on port 21148
1605793697284	Marionette	WARN	TLS certificate errors will be ignored for this session
JavaScript error: http://192.172.4.60:9000/adminservice/resources/ok-admin/lib/echarts/echarts.min.js, line 22: NS_ERROR_FAILURE: 
1605793765538	Marionette	INFO	Stopped listening on port 21148

###!!! [Child][RunMessage] Error: Channel closing: too late to send/recv, messages will be lost


###!!! [Child][RunMessage] Error: Channel closing: too late to send/recv, messages will be lost


###!!! [Child][MessageChannel::SendAndWait] Error: Channel error: cannot send/recv

1605793769660	mozrunner::runner	INFO	Running command: "C:\\Program Files\\Mozilla Firefox\\firefox.exe" "-marionette" "-foreground" "-no-remote" "-profile" "C:\\Users\\EDZ\\AppData\\Local\\Temp\\rust_mozprofile.EqGvqG4vnXWn"
JavaScript error: resource://gre/modules/XULStore.jsm, line 66: Error: Can't find profile directory.
console.warn: SearchSettings: "get: No settings file exists, new profile?" (new Error("", "(unknown module)"))
1605793773693	Marionette	INFO	Listening on port 21287
1605793774040	Marionette	WARN	TLS certificate errors will be ignored for this session
console.error: Region.jsm: "Error fetching region" (new AbortError("The operation was aborted. ", (void 0), 697))
console.error: Region.jsm: "Failed to fetch region" (new Error("NO_RESULT", "resource://gre/modules/Region.jsm", 351))
JavaScript error: http://192.172.4.60:9000/adminservice/resources/ok-admin/lib/echarts/echarts.min.js, line 22: NS_ERROR_FAILURE: 
1605793844527	Marionette	INFO	Stopped listening on port 21287

###!!! [Child][RunMessage] Error: Channel closing: too late to send/recv, messages will be lost


###!!! [Child][MessageChannel::SendAndWait] Error: Channel error: cannot send/recv

1605793848636	mozrunner::runner	INFO	Running command: "C:\\Program Files\\Mozilla Firefox\\firefox.exe" "-marionette" "-foreground" "-no-remote" "-profile" "C:\\Users\\EDZ\\AppData\\Local\\Temp\\rust_mozprofile.jAgtbMzvLZqW"
JavaScript error: resource://gre/modules/XULStore.jsm, line 66: Error: Can't find profile directory.
console.warn: SearchSettings: "get: No settings file exists, new profile?" (new Error("", "(unknown module)"))
1605793853796	Marionette	INFO	Listening on port 21383
1605793854170	Marionette	WARN	TLS certificate errors will be ignored for this session
JavaScript error: http://192.172.4.60:9000/adminservice/resources/ok-admin/lib/layui/layui.js, line 119: NS_ERROR_NOT_INITIALIZED: 
JavaScript error: http://192.172.4.60:9000/adminservice/resources/ok-admin/lib/echarts/echarts.min.js, line 22: NS_ERROR_FAILURE: 
1605793924569	Marionette	INFO	Stopped listening on port 21383

###!!! [Child][RunMessage] Error: Channel closing: too late to send/recv, messages will be lost


###!!! [Child][MessageChannel::SendAndWait] Error: Channel error: cannot send/recv

1605793928659	mozrunner::runner	INFO	Running command: "C:\\Program Files\\Mozilla Firefox\\firefox.exe" "-marionette" "-foreground" "-no-remote" "-profile" "C:\\Users\\EDZ\\AppData\\Local\\Temp\\rust_mozprofile.MqLeqpIJlTyh"
JavaScript error: resource://gre/modules/XULStore.jsm, line 66: Error: Can't find profile directory.
console.warn: SearchSettings: "get: No settings file exists, new profile?" (new Error("", "(unknown module)"))
1605793932787	Marionette	INFO	Listening on port 21488
1605793933216	Marionette	WARN	TLS certificate errors will be ignored for this session
JavaScript error: http://192.172.4.60:9000/adminservice/resources/ok-admin/lib/layui/layui.js, line 119: NS_ERROR_NOT_INITIALIZED: 
JavaScript error: http://192.172.4.60:9000/adminservice/resources/ok-admin/lib/echarts/echarts.min.js, line 22: NS_ERROR_FAILURE: 
1605794007484	Marionette	INFO	Stopped listening on port 21488

###!!! [Child][RunMessage] Error: Channel closing: too late to send/recv, messages will be lost


###!!! [Child][RunMessage] Error: Channel closing: too late to send/recv, messages will be lost


###!!! [Child][MessageChannel::SendAndWait] Error: Channel error: cannot send/recv

1605794012314	mozrunner::runner	INFO	Running command: "C:\\Program Files\\Mozilla Firefox\\firefox.exe" "-marionette" "-foreground" "-no-remote" "-profile" "C:\\Users\\EDZ\\AppData\\Local\\Temp\\rust_mozprofile.Yo7pAtKRTmH3"
JavaScript error: resource://gre/modules/XULStore.jsm, line 66: Error: Can't find profile directory.
console.warn: SearchSettings: "get: No settings file exists, new profile?" (new Error("", "(unknown module)"))
1605794016683	Marionette	INFO	Listening on port 21615
1605794016738	Marionette	WARN	TLS certificate errors will be ignored for this session
JavaScript error: http://192.172.4.60:9000/adminservice/resources/ok-admin/lib/echarts/echarts.min.js, line 22: NS_ERROR_FAILURE: 
1605794083888	Marionette	INFO	Stopped listening on port 21615
IPDL protocol error: Handler returned error code!

###!!! [Parent][DispatchAsyncMessage] Error: PLayerTransaction::Msg_ReleaseLayer Processing error: message was deserialized, but the handler returned false (indicating failure)


###!!! [Child][RunMessage] Error: Channel closing: too late to send/recv, messages will be lost


###!!! [Child][MessageChannel::SendAndWait] Error: Channel error: cannot send/recv

1605795644298	mozrunner::runner	INFO	Running command: "C:\\Program Files\\Mozilla Firefox\\firefox.exe" "-marionette" "-foreground" "-no-remote" "-profile" "C:\\Users\\EDZ\\AppData\\Local\\Temp\\rust_mozprofile.3QL7SvnuKE8l"
JavaScript error: resource://gre/modules/XULStore.jsm, line 66: Error: Can't find profile directory.
console.warn: SearchSettings: "get: No settings file exists, new profile?" (new Error("", "(unknown module)"))
1605795648235	Marionette	INFO	Listening on port 22083
1605795648293	Marionette	WARN	TLS certificate errors will be ignored for this session

###!!! [Child][RunMessage] Error: Channel closing: too late to send/recv, messages will be lost


###!!! [Child][RunMessage] Error: Channel closing: too late to send/recv, messages will be lost

1605795671087	Marionette	INFO	Stopped listening on port 22083

###!!! [Child][RunMessage] Error: Channel closing: too late to send/recv, messages will be lost


###!!! [Child][MessageChannel::SendAndWait] Error: Channel error: cannot send/recv

1605796613465	mozrunner::runner	INFO	Running command: "C:\\Program Files\\Mozilla Firefox\\firefox.exe" "-marionette" "-foreground" "-no-remote" "-profile" "C:\\Users\\EDZ\\AppData\\Local\\Temp\\rust_mozprofile.AJ6uLaxoa3M8"
JavaScript error: resource://gre/modules/XULStore.jsm, line 66: Error: Can't find profile directory.
console.warn: SearchSettings: "get: No settings file exists, new profile?" (new Error("", "(unknown module)"))
1605796617365	Marionette	INFO	Listening on port 22332
1605796617900	Marionette	WARN	TLS certificate errors will be ignored for this session
1605796617958	Marionette	INFO	Stopped listening on port 22332
console.error: Region.jsm: "Error fetching region" (new TypeError("NetworkError when attempting to fetch resource.", ""))
console.error: Region.jsm: "Failed to fetch region" (new Error("NO_RESULT", "resource://gre/modules/Region.jsm", 351))

###!!! [Child][MessageChannel::SendAndWait] Error: Channel error: cannot send/recv

1605796679316	mozrunner::runner	INFO	Running command: "C:\\Program Files\\Mozilla Firefox\\firefox.exe" "-marionette" "-foreground" "-no-remote" "-profile" "C:\\Users\\EDZ\\AppData\\Local\\Temp\\rust_mozprofile.tY3TseLqgsCO"
JavaScript error: resource://gre/modules/XULStore.jsm, line 66: Error: Can't find profile directory.
console.warn: SearchSettings: "get: No settings file exists, new profile?" (new Error("", "(unknown module)"))
1605796683126	Marionette	INFO	Listening on port 22379
1605796683195	Marionette	WARN	TLS certificate errors will be ignored for this session
console.error: Region.jsm: "Error fetching region" (new AbortError("The operation was aborted. ", (void 0), 697))
console.error: Region.jsm: "Failed to fetch region" (new Error("NO_RESULT", "resource://gre/modules/Region.jsm", 351))
[Parent 10008, Gecko_IOThread] WARNING: file /builds/worker/checkouts/gecko/ipc/chromium/src/base/process_util_win.cc, line 166
1605796695471	Marionette	INFO	Stopped listening on port 22379

###!!! [Child][RunMessage] Error: Channel closing: too late to send/recv, messages will be lost


###!!! [Child][MessageChannel::SendAndWait] Error: Channel error: cannot send/recv

1605796741166	mozrunner::runner	INFO	Running command: "C:\\Program Files\\Mozilla Firefox\\firefox.exe" "-marionette" "-foreground" "-no-remote" "-profile" "C:\\Users\\EDZ\\AppData\\Local\\Temp\\rust_mozprofile.qJzRcUfRED4u"
JavaScript error: resource://gre/modules/XULStore.jsm, line 66: Error: Can't find profile directory.
console.warn: SearchSettings: "get: No settings file exists, new profile?" (new Error("", "(unknown module)"))
1605796744851	Marionette	INFO	Listening on port 22455
1605796745038	Marionette	WARN	TLS certificate errors will be ignored for this session
1605796760469	mozrunner::runner	INFO	Running command: "C:\\Program Files\\Mozilla Firefox\\firefox.exe" "-marionette" "-foreground" "-no-remote" "-profile" "C:\\Users\\EDZ\\AppData\\Local\\Temp\\rust_mozprofile.Ld23xW3vu9jh"
JavaScript error: resource://gre/modules/XULStore.jsm, line 66: Error: Can't find profile directory.
console.warn: SearchSettings: "get: No settings file exists, new profile?" (new Error("", "(unknown module)"))
1605796764332	Marionette	INFO	Listening on port 22527
1605796764872	Marionette	WARN	TLS certificate errors will be ignored for this session
console.error: Region.jsm: "Error fetching region" (new TypeError("NetworkError when attempting to fetch resource.", ""))
console.error: Region.jsm: "Failed to fetch region" (new Error("NO_RESULT", "resource://gre/modules/Region.jsm", 351))
console.error: (new Error("Connection closed before committing the transaction.", "resource://gre/modules/Sqlite.jsm", 688))
1605796765169	Marionette	INFO	Stopped listening on port 22527

###!!! [Child][RunMessage] Error: Channel closing: too late to send/recv, messages will be lost


###!!! [Child][MessageChannel::SendAndWait] Error: Channel error: cannot send/recv

1605796847592	mozrunner::runner	INFO	Running command: "C:\\Program Files\\Mozilla Firefox\\firefox.exe" "-marionette" "-foreground" "-no-remote" "-profile" "C:\\Users\\EDZ\\AppData\\Local\\Temp\\rust_mozprofile.M7KnelcS2tjB"
JavaScript error: resource://gre/modules/XULStore.jsm, line 66: Error: Can't find profile directory.
console.warn: SearchSettings: "get: No settings file exists, new profile?" (new Error("", "(unknown module)"))
1605796850749	Marionette	INFO	Listening on port 22575
1605796850876	Marionette	WARN	TLS certificate errors will be ignored for this session
1605796889222	Marionette	INFO	Stopped listening on port 22575

###!!! [Child][RunMessage] Error: Channel closing: too late to send/recv, messages will be lost


###!!! [Child][MessageChannel::SendAndWait] Error: Channel error: cannot send/recv

